<html xmlns:math="http://exslt.org/math" xmlns:testng="http://testng.org">
   <head>
      <title>TestNG Results</title>
      <meta http-equiv="content-type" content="text/html; charset=utf-8"></meta>
      <meta http-equiv="pragma" content="no-cache"></meta>
      <meta http-equiv="cache-control" content="max-age=0"></meta>
      <meta http-equiv="cache-control" content="no-cache"></meta>
      <meta http-equiv="cache-control" content="no-store"></meta>
      <LINK rel="stylesheet" href="style.css"></LINK>
      <script type="text/javascript" src="main.js"></script>
   </head>
   <body>
      <table width="100%" style="font-size: 16px; margin-bottom: 10px;" cellspacing="1">
         <tr>
            <td width="100%">
               All methods in suite
               
               <b>Suite</b>
            </td>
            <td style="background-color: #FFBBBB; padding: 3px 3px 3px 0;" align="center">
               <div style="width: 50px;">1</div>
            </td>
            <td style="background-color: lightgreen; padding: 3px 3px 3px 0;" align="center">
               <div style="width: 50px;">1</div>
            </td>
            <td style="background-color: #FFFFBB; padding: 3px 3px 3px 0;" align="center">
               <div style="width: 50px;">1</div>
            </td>
            <td align="center" style="background-color: #eaf0f7; padding: 3px 3px 3px 0;">
               <div style="width: 50px;">3</div>
            </td>
            <td align="center"
                style="font-weight: bold; background-color: #eaf0f7; padding: 3px 3px 3px 0;">
               <div style="width: 50px;">33%</div>
            </td>
            <td style="background-color: #eaf0f7; padding: 3px 3px 3px 0;" align="center"
                nowrap="true">27s
               
            </td>
         </tr>
      </table>
      <div style="width: 200px;">
         <label for="groupMethodsCheckBox" style="font-weight: bold; margin: 0;">
            <input id="groupMethodsCheckBox" type="checkbox" onclick="switchTestMethodsView(this)"
                   checked=""></input>
            Group by class
            
         </label>
         <br></br>
         <label for="methodsFilter_ALL" style="font-weight: bold; margin: 0;">
            <input id="methodsFilter_ALL" type="checkbox"
                   onclick="testMethodsFilterChanged(this, 'ALL')"
                   checked=""></input>
            All
            
         </label>
      </div>
      <label for="methodsFilter_FAIL" style="margin-left: 20px;">
         <input id="methodsFilter_FAIL" type="checkbox"
                onclick="testMethodsFilterChanged(this, 'FAIL')"
                checked=""></input>
         Failed
         
      </label>
      <label for="methodsFilter_PASS">
         <input id="methodsFilter_PASS" type="checkbox"
                onclick="testMethodsFilterChanged(this, 'PASS')"
                checked=""></input>
         Passed
         
      </label>
      <label for="methodsFilter_SKIP">
         <input id="methodsFilter_SKIP" type="checkbox"
                onclick="testMethodsFilterChanged(this, 'SKIP')"
                checked=""></input>
         Skipped
         
      </label>
      <label for="methodsFilter_CONF">
         <input id="methodsFilter_CONF" type="checkbox"
                onclick="testMethodsFilterChanged(this, 'CONF')"
                checked=""></input>
         Config
         
      </label>
      <br></br>
      <div id="testMethodsByStatus" style="display: none;">
         <table class="testMethodsTable" cellpadding="0" cellspacing="0">
            <tr class="methodsTableHeader">
               <td width="100%">Name</td>
               <td nowrap="true">Started</td>
               <td nowrap="true">Duration</td>
               <td>Exception</td>
            </tr>
            <tr id="Test_Cases.testcases_Login_byStatus_failed_FAIL1_row"
                class="testMethodStatusFAIL">
               <td width="100%" class="firstMethodCell">
                  <a onclick="toggleDetailsVisibility('Test_Cases.testcases_Login_byStatus_failed_FAIL1_details')">Login()</a>
               </td>
               <td nowrap="true">12:30:42</td>
               <td nowrap="true" align="right">12s
                  
               </td>
               <td nowrap="true">
                  <a onclick="toggleDetailsVisibility('Test_Cases.testcases_Login_byStatus_failed_FAIL1_exception')">org.openqa.selenium.NoSuchElementException: 
                     no such element: Unable to locate element: {"method":"xpath","selector":"//a[@href='https://accounts.google.com/SignOutOptions?hl=en&amp;continue=https://mail.google.com/mail&amp;service=mail']"}
                     (Session info: chrome=56.0.2924.87)
                     (Driver info: chromedriver=2.25.426923 (0390b88869384d6eb0d5d09729679f934aab9eed),platform=Windows NT 6.3.9600 x86_64) (WARNING:
                     The server did not provide any stacktrace information)
                     Command duration or timeout: 11.27 seconds
                     For documentation on this error, please visit: http://seleniumhq.org/exceptions/no_such_element.html
                     Build info: version: '2.53.0', revision: '35ae25b', time: '2016-03-15 16:57:40'
                     System info: host: 'DLLA1421', ip: '10.161.224.167', os.name: 'Windows 8.1', os.arch: 'amd64', os.version: '6.3', java.version:
                     '1.8.0_91'
                     Driver info: org.openqa.selenium.chrome.ChromeDriver
                     Capabilities [{applicationCacheEnabled=false, rotatable=false, mobileEmulationEnabled=false, networkConnectionEnabled=false,
                     chrome={chromedriverVersion=2.25.426923 (0390b88869384d6eb0d5d09729679f934aab9eed), userDataDir=C:\Windows\TEMP\scoped_dir2728_13575},
                     takesHeapSnapshot=true, pageLoadStrategy=normal, databaseEnabled=false, handlesAlerts=true, hasTouchScreen=false, version=56.0.2924.87,
                     platform=WIN8_1, browserConnectionEnabled=false, nativeEvents=true, acceptSslCerts=true, locationContextEnabled=true, webStorageEnabled=true,
                     browserName=chrome, takesScreenshot=true, javascriptEnabled=true, cssSelectorsEnabled=true}]
                     Session ID: c68e04f85247d989348de93289dd82fa
                     *** Element info: {Using=xpath, value=//a[@href='https://accounts.google.com/SignOutOptions?hl=en&amp;continue=https://mail.google.com/mail&amp;service=mail']}
                     
                  </a>
                   
                  
               </td>
            </tr>
            <tr>
               <td colspan="4" class="detailsBox">
                  <div id="Test_Cases.testcases_Login_byStatus_failed_FAIL1_details"
                       class="testMethodDetails">
                     <div>
                        <b>Name: </b>Login
                     </div>
                     <div>
                        <b>Signature: </b>Login()[pri:0, instance:Test_Cases.testcases@7c16905e]
                     </div>
                     <div>
                        <b>Start time: </b>12:30:42
                     </div>
                     <div>
                        <b>End time: </b>12:30:54
                     </div>
                     <div>
                        <b>Duration: </b>12s
                        
                     </div>
                     <div>
                        <b>Depends on methods:
                           
                        </b>
                        <div>
                               -
                           Test_Cases.testcases.VerifyTitle
                        </div>
                     </div>
                  </div>
               </td>
            </tr>
            <tr>
               <td colspan="4" class="detailsBox">
                  <div id="Test_Cases.testcases_Login_byStatus_failed_FAIL1_exception"
                       class="testMethodDetails">
                     <pre style="padding: 5px; margin: 0;">org.openqa.selenium.NoSuchElementException: no such element: Unable to locate element: {"method":"xpath","selector":"//a[@href='https://accounts.google.com/SignOutOptions?hl=en&amp;continue=https://mail.google.com/mail&amp;service=mail']"}
                        (Session info: chrome=56.0.2924.87)
                        (Driver info: chromedriver=2.25.426923 (0390b88869384d6eb0d5d09729679f934aab9eed),platform=Windows NT 6.3.9600 x86_64) (WARNING:
                        The server did not provide any stacktrace information)
                        Command duration or timeout: 11.27 seconds
                        For documentation on this error, please visit: http://seleniumhq.org/exceptions/no_such_element.html
                        Build info: version: '2.53.0', revision: '35ae25b', time: '2016-03-15 16:57:40'
                        System info: host: 'DLLA1421', ip: '10.161.224.167', os.name: 'Windows 8.1', os.arch: 'amd64', os.version: '6.3', java.version:
                        '1.8.0_91'
                        Driver info: org.openqa.selenium.chrome.ChromeDriver
                        Capabilities [{applicationCacheEnabled=false, rotatable=false, mobileEmulationEnabled=false, networkConnectionEnabled=false,
                        chrome={chromedriverVersion=2.25.426923 (0390b88869384d6eb0d5d09729679f934aab9eed), userDataDir=C:\Windows\TEMP\scoped_dir2728_13575},
                        takesHeapSnapshot=true, pageLoadStrategy=normal, databaseEnabled=false, handlesAlerts=true, hasTouchScreen=false, version=56.0.2924.87,
                        platform=WIN8_1, browserConnectionEnabled=false, nativeEvents=true, acceptSslCerts=true, locationContextEnabled=true, webStorageEnabled=true,
                        browserName=chrome, takesScreenshot=true, javascriptEnabled=true, cssSelectorsEnabled=true}]
                        Session ID: c68e04f85247d989348de93289dd82fa
                        *** Element info: {Using=xpath, value=//a[@href='https://accounts.google.com/SignOutOptions?hl=en&amp;continue=https://mail.google.com/mail&amp;service=mail']}
                        	at sun.reflect.NativeConstructorAccessorImpl.newInstance0(Native Method)
                        	at sun.reflect.NativeConstructorAccessorImpl.newInstance(Unknown Source)
                        	at sun.reflect.DelegatingConstructorAccessorImpl.newInstance(Unknown Source)
                        	at java.lang.reflect.Constructor.newInstance(Unknown Source)
                        	at org.openqa.selenium.remote.ErrorHandler.createThrowable(ErrorHandler.java:206)
                        	at org.openqa.selenium.remote.ErrorHandler.throwIfResponseFailed(ErrorHandler.java:158)
                        	at org.openqa.selenium.remote.RemoteWebDriver.execute(RemoteWebDriver.java:678)
                        	at org.openqa.selenium.remote.RemoteWebDriver.findElement(RemoteWebDriver.java:363)
                        	at org.openqa.selenium.remote.RemoteWebDriver.findElementByXPath(RemoteWebDriver.java:500)
                        	at org.openqa.selenium.By$ByXPath.findElement(By.java:361)
                        	at org.openqa.selenium.remote.RemoteWebDriver.findElement(RemoteWebDriver.java:355)
                        	at org.openqa.selenium.support.pagefactory.DefaultElementLocator.findElement(DefaultElementLocator.java:69)
                        	at org.openqa.selenium.support.pagefactory.internal.LocatingElementHandler.invoke(LocatingElementHandler.java:38)
                        	at com.sun.proxy.$Proxy6.getAttribute(Unknown Source)
                        	at Pages.Home_Page.successfullLogin(Home_Page.java:58)
                        	at Test_Cases.testcases.Login(testcases.java:58)
                        	at sun.reflect.NativeMethodAccessorImpl.invoke0(Native Method)
                        	at sun.reflect.NativeMethodAccessorImpl.invoke(Unknown Source)
                        	at sun.reflect.DelegatingMethodAccessorImpl.invoke(Unknown Source)
                        	at java.lang.reflect.Method.invoke(Unknown Source)
                        	at org.testng.internal.MethodInvocationHelper.invokeMethod(MethodInvocationHelper.java:85)
                        	at org.testng.internal.Invoker.invokeMethod(Invoker.java:639)
                        	at org.testng.internal.Invoker.invokeTestMethod(Invoker.java:816)
                        	at org.testng.internal.Invoker.invokeTestMethods(Invoker.java:1124)
                        	at org.testng.internal.TestMethodWorker.invokeTestMethods(TestMethodWorker.java:125)
                        	at org.testng.internal.TestMethodWorker.run(TestMethodWorker.java:108)
                        	at org.testng.TestRunner.privateRun(TestRunner.java:774)
                        	at org.testng.TestRunner.run(TestRunner.java:624)
                        	at org.testng.SuiteRunner.runTest(SuiteRunner.java:359)
                        	at org.testng.SuiteRunner.runSequentially(SuiteRunner.java:354)
                        	at org.testng.SuiteRunner.privateRun(SuiteRunner.java:312)
                        	at org.testng.SuiteRunner.run(SuiteRunner.java:261)
                        	at org.testng.SuiteRunnerWorker.runSuite(SuiteRunnerWorker.java:52)
                        	at org.testng.SuiteRunnerWorker.run(SuiteRunnerWorker.java:86)
                        	at org.testng.TestNG.runSuitesSequentially(TestNG.java:1215)
                        	at org.testng.TestNG.runSuitesLocally(TestNG.java:1140)
                        	at org.testng.TestNG.run(TestNG.java:1048)
                        	at org.testng.remote.AbstractRemoteTestNG.run(AbstractRemoteTestNG.java:132)
                        	at org.testng.remote.RemoteTestNG.initAndRun(RemoteTestNG.java:236)
                        	at org.testng.remote.RemoteTestNG.main(RemoteTestNG.java:81)
                     </pre>
                  </div>
               </td>
            </tr>
            <tr id="Test_Cases.testcases_setUp_byStatus_passed_PASS1_row"
                class="testMethodStatusPASS testMethodStatusCONF">
               <td width="100%" class="firstMethodCell">
                  <a onclick="toggleDetailsVisibility('Test_Cases.testcases_setUp_byStatus_passed_PASS1_details')">setUp()</a>
               </td>
               <td nowrap="true">12:30:27</td>
               <td nowrap="true" align="right">14s
                  
               </td>
               <td nowrap="true">
                   
                  
               </td>
            </tr>
            <tr>
               <td colspan="4" class="detailsBox">
                  <div id="Test_Cases.testcases_setUp_byStatus_passed_PASS1_details"
                       class="testMethodDetails">
                     <div>
                        <b>Name: </b>setUp
                     </div>
                     <div>
                        <b>Signature: </b>setUp()[pri:0, instance:Test_Cases.testcases@7c16905e]
                     </div>
                     <div>
                        <b>Start time: </b>12:30:27
                     </div>
                     <div>
                        <b>End time: </b>12:30:42
                     </div>
                     <div>
                        <b>Duration: </b>14s
                        
                     </div>
                  </div>
               </td>
            </tr>
            <tr></tr>
            <tr id="Test_Cases.testcases_VerifyTitle_byStatus_passed_PASS2_row"
                class="testMethodStatusPASS">
               <td width="100%" class="firstMethodCell">
                  <a onclick="toggleDetailsVisibility('Test_Cases.testcases_VerifyTitle_byStatus_passed_PASS2_details')">VerifyTitle()</a>
               </td>
               <td nowrap="true">12:30:42</td>
               <td nowrap="true" align="right">40 ms
                  
               </td>
               <td nowrap="true">
                   
                  
               </td>
            </tr>
            <tr>
               <td colspan="4" class="detailsBox">
                  <div id="Test_Cases.testcases_VerifyTitle_byStatus_passed_PASS2_details"
                       class="testMethodDetails">
                     <div>
                        <b>Name: </b>VerifyTitle
                     </div>
                     <div>
                        <b>Signature: </b>VerifyTitle()[pri:0, instance:Test_Cases.testcases@7c16905e]
                     </div>
                     <div>
                        <b>Start time: </b>12:30:42
                     </div>
                     <div>
                        <b>End time: </b>12:30:42
                     </div>
                     <div>
                        <b>Duration: </b>40 ms
                        
                     </div>
                  </div>
               </td>
            </tr>
            <tr></tr>
            <tr id="Test_Cases.testcases_ComposeEmail_byStatus_skiped_SKIP1_row"
                class="testMethodStatusSKIP">
               <td width="100%" class="firstMethodCell">
                  <a onclick="toggleDetailsVisibility('Test_Cases.testcases_ComposeEmail_byStatus_skiped_SKIP1_details')">ComposeEmail()</a>
               </td>
               <td nowrap="true">12:30:54</td>
               <td nowrap="true" align="right">0 ms
                  
               </td>
               <td nowrap="true">
                  <a onclick="toggleDetailsVisibility('Test_Cases.testcases_ComposeEmail_byStatus_skiped_SKIP1_exception')">java.lang.Throwable: 
                     Method testcases.ComposeEmail()[pri:0, instance:Test_Cases.testcases@7c16905e] depends on not successfully finished methods
                     
                  </a>
                   
                  
               </td>
            </tr>
            <tr>
               <td colspan="4" class="detailsBox">
                  <div id="Test_Cases.testcases_ComposeEmail_byStatus_skiped_SKIP1_details"
                       class="testMethodDetails">
                     <div>
                        <b>Name: </b>ComposeEmail
                     </div>
                     <div>
                        <b>Signature: </b>ComposeEmail()[pri:0, instance:Test_Cases.testcases@7c16905e]
                     </div>
                     <div>
                        <b>Start time: </b>12:30:54
                     </div>
                     <div>
                        <b>End time: </b>12:30:54
                     </div>
                     <div>
                        <b>Duration: </b>0 ms
                        
                     </div>
                     <div>
                        <b>Depends on methods:
                           
                        </b>
                        <div>
                               -
                           Test_Cases.testcases.VerifyTitle
                        </div>
                        <div>
                               -
                            Test_Cases.testcases.Login
                        </div>
                     </div>
                  </div>
               </td>
            </tr>
            <tr>
               <td colspan="4" class="detailsBox">
                  <div id="Test_Cases.testcases_ComposeEmail_byStatus_skiped_SKIP1_exception"
                       class="testMethodDetails">
                     <pre style="padding: 5px; margin: 0;">java.lang.Throwable: Method testcases.ComposeEmail()[pri:0, instance:Test_Cases.testcases@7c16905e] depends on not successfully
                        finished methods
                        	at org.testng.internal.Invoker.invokeTestMethods(Invoker.java:1033)
                        	at org.testng.internal.TestMethodWorker.invokeTestMethods(TestMethodWorker.java:125)
                        	at org.testng.internal.TestMethodWorker.run(TestMethodWorker.java:108)
                        	at org.testng.TestRunner.privateRun(TestRunner.java:774)
                        	at org.testng.TestRunner.run(TestRunner.java:624)
                        	at org.testng.SuiteRunner.runTest(SuiteRunner.java:359)
                        	at org.testng.SuiteRunner.runSequentially(SuiteRunner.java:354)
                        	at org.testng.SuiteRunner.privateRun(SuiteRunner.java:312)
                        	at org.testng.SuiteRunner.run(SuiteRunner.java:261)
                        	at org.testng.SuiteRunnerWorker.runSuite(SuiteRunnerWorker.java:52)
                        	at org.testng.SuiteRunnerWorker.run(SuiteRunnerWorker.java:86)
                        	at org.testng.TestNG.runSuitesSequentially(TestNG.java:1215)
                        	at org.testng.TestNG.runSuitesLocally(TestNG.java:1140)
                        	at org.testng.TestNG.run(TestNG.java:1048)
                        	at org.testng.remote.AbstractRemoteTestNG.run(AbstractRemoteTestNG.java:132)
                        	at org.testng.remote.RemoteTestNG.initAndRun(RemoteTestNG.java:236)
                        	at org.testng.remote.RemoteTestNG.main(RemoteTestNG.java:81)
                     </pre>
                  </div>
               </td>
            </tr>
         </table>
      </div>
      <div id="testMethodsByClass">
         <table class="testMethodsTable" cellpadding="0" cellspacing="0">
            <tr>
               <td colspan="4">
                  <h3 style="display: inline;">Test_Cases.testcases</h3>
               </td>
            </tr>
            <tr class="methodsTableHeader">
               <td width="100%">Name</td>
               <td nowrap="true">Started</td>
               <td nowrap="true">Duration</td>
               <td>Exception</td>
            </tr>
            <tr id="Test_Cases.testcases_setUp_byClass_PASS1_row"
                class="testMethodStatusPASS testMethodStatusCONF">
               <td width="100%" class="firstMethodCell">
                  <a onclick="toggleDetailsVisibility('Test_Cases.testcases_setUp_byClass_PASS1_details')">setUp()</a>
               </td>
               <td nowrap="true">12:30:27</td>
               <td nowrap="true" align="right">14s
                  
               </td>
               <td nowrap="true">
                   
                  
               </td>
            </tr>
            <tr>
               <td colspan="4" class="detailsBox">
                  <div id="Test_Cases.testcases_setUp_byClass_PASS1_details" class="testMethodDetails">
                     <div>
                        <b>Name: </b>setUp
                     </div>
                     <div>
                        <b>Signature: </b>setUp()[pri:0, instance:Test_Cases.testcases@7c16905e]
                     </div>
                     <div>
                        <b>Start time: </b>12:30:27
                     </div>
                     <div>
                        <b>End time: </b>12:30:42
                     </div>
                     <div>
                        <b>Duration: </b>14s
                        
                     </div>
                  </div>
               </td>
            </tr>
            <tr></tr>
            <tr id="Test_Cases.testcases_VerifyTitle_byClass_PASS2_row"
                class="testMethodStatusPASS">
               <td width="100%" class="firstMethodCell">
                  <a onclick="toggleDetailsVisibility('Test_Cases.testcases_VerifyTitle_byClass_PASS2_details')">VerifyTitle()</a>
               </td>
               <td nowrap="true">12:30:42</td>
               <td nowrap="true" align="right">40 ms
                  
               </td>
               <td nowrap="true">
                   
                  
               </td>
            </tr>
            <tr>
               <td colspan="4" class="detailsBox">
                  <div id="Test_Cases.testcases_VerifyTitle_byClass_PASS2_details"
                       class="testMethodDetails">
                     <div>
                        <b>Name: </b>VerifyTitle
                     </div>
                     <div>
                        <b>Signature: </b>VerifyTitle()[pri:0, instance:Test_Cases.testcases@7c16905e]
                     </div>
                     <div>
                        <b>Start time: </b>12:30:42
                     </div>
                     <div>
                        <b>End time: </b>12:30:42
                     </div>
                     <div>
                        <b>Duration: </b>40 ms
                        
                     </div>
                  </div>
               </td>
            </tr>
            <tr></tr>
            <tr id="Test_Cases.testcases_Login_byClass_FAIL3_row" class="testMethodStatusFAIL">
               <td width="100%" class="firstMethodCell">
                  <a onclick="toggleDetailsVisibility('Test_Cases.testcases_Login_byClass_FAIL3_details')">Login()</a>
               </td>
               <td nowrap="true">12:30:42</td>
               <td nowrap="true" align="right">12s
                  
               </td>
               <td nowrap="true">
                  <a onclick="toggleDetailsVisibility('Test_Cases.testcases_Login_byClass_FAIL3_exception')">org.openqa.selenium.NoSuchElementException: 
                     no such element: Unable to locate element: {"method":"xpath","selector":"//a[@href='https://accounts.google.com/SignOutOptions?hl=en&amp;continue=https://mail.google.com/mail&amp;service=mail']"}
                     (Session info: chrome=56.0.2924.87)
                     (Driver info: chromedriver=2.25.426923 (0390b88869384d6eb0d5d09729679f934aab9eed),platform=Windows NT 6.3.9600 x86_64) (WARNING:
                     The server did not provide any stacktrace information)
                     Command duration or timeout: 11.27 seconds
                     For documentation on this error, please visit: http://seleniumhq.org/exceptions/no_such_element.html
                     Build info: version: '2.53.0', revision: '35ae25b', time: '2016-03-15 16:57:40'
                     System info: host: 'DLLA1421', ip: '10.161.224.167', os.name: 'Windows 8.1', os.arch: 'amd64', os.version: '6.3', java.version:
                     '1.8.0_91'
                     Driver info: org.openqa.selenium.chrome.ChromeDriver
                     Capabilities [{applicationCacheEnabled=false, rotatable=false, mobileEmulationEnabled=false, networkConnectionEnabled=false,
                     chrome={chromedriverVersion=2.25.426923 (0390b88869384d6eb0d5d09729679f934aab9eed), userDataDir=C:\Windows\TEMP\scoped_dir2728_13575},
                     takesHeapSnapshot=true, pageLoadStrategy=normal, databaseEnabled=false, handlesAlerts=true, hasTouchScreen=false, version=56.0.2924.87,
                     platform=WIN8_1, browserConnectionEnabled=false, nativeEvents=true, acceptSslCerts=true, locationContextEnabled=true, webStorageEnabled=true,
                     browserName=chrome, takesScreenshot=true, javascriptEnabled=true, cssSelectorsEnabled=true}]
                     Session ID: c68e04f85247d989348de93289dd82fa
                     *** Element info: {Using=xpath, value=//a[@href='https://accounts.google.com/SignOutOptions?hl=en&amp;continue=https://mail.google.com/mail&amp;service=mail']}
                     
                  </a>
                   
                  
               </td>
            </tr>
            <tr>
               <td colspan="4" class="detailsBox">
                  <div id="Test_Cases.testcases_Login_byClass_FAIL3_details" class="testMethodDetails">
                     <div>
                        <b>Name: </b>Login
                     </div>
                     <div>
                        <b>Signature: </b>Login()[pri:0, instance:Test_Cases.testcases@7c16905e]
                     </div>
                     <div>
                        <b>Start time: </b>12:30:42
                     </div>
                     <div>
                        <b>End time: </b>12:30:54
                     </div>
                     <div>
                        <b>Duration: </b>12s
                        
                     </div>
                     <div>
                        <b>Depends on methods:
                           
                        </b>
                        <div>
                               -
                           Test_Cases.testcases.VerifyTitle
                        </div>
                     </div>
                  </div>
               </td>
            </tr>
            <tr>
               <td colspan="4" class="detailsBox">
                  <div id="Test_Cases.testcases_Login_byClass_FAIL3_exception"
                       class="testMethodDetails">
                     <pre style="padding: 5px; margin: 0;">org.openqa.selenium.NoSuchElementException: no such element: Unable to locate element: {"method":"xpath","selector":"//a[@href='https://accounts.google.com/SignOutOptions?hl=en&amp;continue=https://mail.google.com/mail&amp;service=mail']"}
                        (Session info: chrome=56.0.2924.87)
                        (Driver info: chromedriver=2.25.426923 (0390b88869384d6eb0d5d09729679f934aab9eed),platform=Windows NT 6.3.9600 x86_64) (WARNING:
                        The server did not provide any stacktrace information)
                        Command duration or timeout: 11.27 seconds
                        For documentation on this error, please visit: http://seleniumhq.org/exceptions/no_such_element.html
                        Build info: version: '2.53.0', revision: '35ae25b', time: '2016-03-15 16:57:40'
                        System info: host: 'DLLA1421', ip: '10.161.224.167', os.name: 'Windows 8.1', os.arch: 'amd64', os.version: '6.3', java.version:
                        '1.8.0_91'
                        Driver info: org.openqa.selenium.chrome.ChromeDriver
                        Capabilities [{applicationCacheEnabled=false, rotatable=false, mobileEmulationEnabled=false, networkConnectionEnabled=false,
                        chrome={chromedriverVersion=2.25.426923 (0390b88869384d6eb0d5d09729679f934aab9eed), userDataDir=C:\Windows\TEMP\scoped_dir2728_13575},
                        takesHeapSnapshot=true, pageLoadStrategy=normal, databaseEnabled=false, handlesAlerts=true, hasTouchScreen=false, version=56.0.2924.87,
                        platform=WIN8_1, browserConnectionEnabled=false, nativeEvents=true, acceptSslCerts=true, locationContextEnabled=true, webStorageEnabled=true,
                        browserName=chrome, takesScreenshot=true, javascriptEnabled=true, cssSelectorsEnabled=true}]
                        Session ID: c68e04f85247d989348de93289dd82fa
                        *** Element info: {Using=xpath, value=//a[@href='https://accounts.google.com/SignOutOptions?hl=en&amp;continue=https://mail.google.com/mail&amp;service=mail']}
                        	at sun.reflect.NativeConstructorAccessorImpl.newInstance0(Native Method)
                        	at sun.reflect.NativeConstructorAccessorImpl.newInstance(Unknown Source)
                        	at sun.reflect.DelegatingConstructorAccessorImpl.newInstance(Unknown Source)
                        	at java.lang.reflect.Constructor.newInstance(Unknown Source)
                        	at org.openqa.selenium.remote.ErrorHandler.createThrowable(ErrorHandler.java:206)
                        	at org.openqa.selenium.remote.ErrorHandler.throwIfResponseFailed(ErrorHandler.java:158)
                        	at org.openqa.selenium.remote.RemoteWebDriver.execute(RemoteWebDriver.java:678)
                        	at org.openqa.selenium.remote.RemoteWebDriver.findElement(RemoteWebDriver.java:363)
                        	at org.openqa.selenium.remote.RemoteWebDriver.findElementByXPath(RemoteWebDriver.java:500)
                        	at org.openqa.selenium.By$ByXPath.findElement(By.java:361)
                        	at org.openqa.selenium.remote.RemoteWebDriver.findElement(RemoteWebDriver.java:355)
                        	at org.openqa.selenium.support.pagefactory.DefaultElementLocator.findElement(DefaultElementLocator.java:69)
                        	at org.openqa.selenium.support.pagefactory.internal.LocatingElementHandler.invoke(LocatingElementHandler.java:38)
                        	at com.sun.proxy.$Proxy6.getAttribute(Unknown Source)
                        	at Pages.Home_Page.successfullLogin(Home_Page.java:58)
                        	at Test_Cases.testcases.Login(testcases.java:58)
                        	at sun.reflect.NativeMethodAccessorImpl.invoke0(Native Method)
                        	at sun.reflect.NativeMethodAccessorImpl.invoke(Unknown Source)
                        	at sun.reflect.DelegatingMethodAccessorImpl.invoke(Unknown Source)
                        	at java.lang.reflect.Method.invoke(Unknown Source)
                        	at org.testng.internal.MethodInvocationHelper.invokeMethod(MethodInvocationHelper.java:85)
                        	at org.testng.internal.Invoker.invokeMethod(Invoker.java:639)
                        	at org.testng.internal.Invoker.invokeTestMethod(Invoker.java:816)
                        	at org.testng.internal.Invoker.invokeTestMethods(Invoker.java:1124)
                        	at org.testng.internal.TestMethodWorker.invokeTestMethods(TestMethodWorker.java:125)
                        	at org.testng.internal.TestMethodWorker.run(TestMethodWorker.java:108)
                        	at org.testng.TestRunner.privateRun(TestRunner.java:774)
                        	at org.testng.TestRunner.run(TestRunner.java:624)
                        	at org.testng.SuiteRunner.runTest(SuiteRunner.java:359)
                        	at org.testng.SuiteRunner.runSequentially(SuiteRunner.java:354)
                        	at org.testng.SuiteRunner.privateRun(SuiteRunner.java:312)
                        	at org.testng.SuiteRunner.run(SuiteRunner.java:261)
                        	at org.testng.SuiteRunnerWorker.runSuite(SuiteRunnerWorker.java:52)
                        	at org.testng.SuiteRunnerWorker.run(SuiteRunnerWorker.java:86)
                        	at org.testng.TestNG.runSuitesSequentially(TestNG.java:1215)
                        	at org.testng.TestNG.runSuitesLocally(TestNG.java:1140)
                        	at org.testng.TestNG.run(TestNG.java:1048)
                        	at org.testng.remote.AbstractRemoteTestNG.run(AbstractRemoteTestNG.java:132)
                        	at org.testng.remote.RemoteTestNG.initAndRun(RemoteTestNG.java:236)
                        	at org.testng.remote.RemoteTestNG.main(RemoteTestNG.java:81)
                     </pre>
                  </div>
               </td>
            </tr>
            <tr id="Test_Cases.testcases_ComposeEmail_byClass_SKIP4_row"
                class="testMethodStatusSKIP">
               <td width="100%" class="firstMethodCell">
                  <a onclick="toggleDetailsVisibility('Test_Cases.testcases_ComposeEmail_byClass_SKIP4_details')">ComposeEmail()</a>
               </td>
               <td nowrap="true">12:30:54</td>
               <td nowrap="true" align="right">0 ms
                  
               </td>
               <td nowrap="true">
                  <a onclick="toggleDetailsVisibility('Test_Cases.testcases_ComposeEmail_byClass_SKIP4_exception')">java.lang.Throwable: 
                     Method testcases.ComposeEmail()[pri:0, instance:Test_Cases.testcases@7c16905e] depends on not successfully finished methods
                     
                  </a>
                   
                  
               </td>
            </tr>
            <tr>
               <td colspan="4" class="detailsBox">
                  <div id="Test_Cases.testcases_ComposeEmail_byClass_SKIP4_details"
                       class="testMethodDetails">
                     <div>
                        <b>Name: </b>ComposeEmail
                     </div>
                     <div>
                        <b>Signature: </b>ComposeEmail()[pri:0, instance:Test_Cases.testcases@7c16905e]
                     </div>
                     <div>
                        <b>Start time: </b>12:30:54
                     </div>
                     <div>
                        <b>End time: </b>12:30:54
                     </div>
                     <div>
                        <b>Duration: </b>0 ms
                        
                     </div>
                     <div>
                        <b>Depends on methods:
                           
                        </b>
                        <div>
                               -
                           Test_Cases.testcases.VerifyTitle
                        </div>
                        <div>
                               -
                            Test_Cases.testcases.Login
                        </div>
                     </div>
                  </div>
               </td>
            </tr>
            <tr>
               <td colspan="4" class="detailsBox">
                  <div id="Test_Cases.testcases_ComposeEmail_byClass_SKIP4_exception"
                       class="testMethodDetails">
                     <pre style="padding: 5px; margin: 0;">java.lang.Throwable: Method testcases.ComposeEmail()[pri:0, instance:Test_Cases.testcases@7c16905e] depends on not successfully
                        finished methods
                        	at org.testng.internal.Invoker.invokeTestMethods(Invoker.java:1033)
                        	at org.testng.internal.TestMethodWorker.invokeTestMethods(TestMethodWorker.java:125)
                        	at org.testng.internal.TestMethodWorker.run(TestMethodWorker.java:108)
                        	at org.testng.TestRunner.privateRun(TestRunner.java:774)
                        	at org.testng.TestRunner.run(TestRunner.java:624)
                        	at org.testng.SuiteRunner.runTest(SuiteRunner.java:359)
                        	at org.testng.SuiteRunner.runSequentially(SuiteRunner.java:354)
                        	at org.testng.SuiteRunner.privateRun(SuiteRunner.java:312)
                        	at org.testng.SuiteRunner.run(SuiteRunner.java:261)
                        	at org.testng.SuiteRunnerWorker.runSuite(SuiteRunnerWorker.java:52)
                        	at org.testng.SuiteRunnerWorker.run(SuiteRunnerWorker.java:86)
                        	at org.testng.TestNG.runSuitesSequentially(TestNG.java:1215)
                        	at org.testng.TestNG.runSuitesLocally(TestNG.java:1140)
                        	at org.testng.TestNG.run(TestNG.java:1048)
                        	at org.testng.remote.AbstractRemoteTestNG.run(AbstractRemoteTestNG.java:132)
                        	at org.testng.remote.RemoteTestNG.initAndRun(RemoteTestNG.java:236)
                        	at org.testng.remote.RemoteTestNG.main(RemoteTestNG.java:81)
                     </pre>
                  </div>
               </td>
            </tr>
         </table>
         <br></br>
      </div>
      <div style="margin-top: 15px; color: gray; text-align: center; font-size: 9px;">
         Generated with
         
         <a href="http://code.google.com/p/testng-xslt/" style="color: #8888aa;"
            target="_blank">
            TestNG XSLT
            
         </a>
      </div>
   </body>
</html>